*** Using Compiler 'V5.06 update 7 (build 960)', folder: 'D:\Work\MDK\Core\ARM\ARMCC\Bin'
Rebuild target 'Opt'
assembling startup_stm32f103xb.s...
compiling stm32f1xx_hal.c...
compiling CAN.c...
compiling VACheck.c...
compiling stm32f1xx_hal_cec.c...
compiling stm32f1xx_hal_dma.c...
compiling stm32f1xx_it.c...
compiling stm32f1xx_hal_msp.c...
compiling main.c...
compiling Board_Address.c...
compiling TIM2.c...
compiling led.c...
compiling IWDG.c...
compiling stm32f1xx_hal_can.c...
compiling stm32f1xx_hal_cortex.c...
compiling system_stm32f1xx.c...
compiling stm32f1xx_hal_iwdg.c...
compiling delay.c...
compiling stm32f1xx_hal_pwr.c...
compiling stm32f1xx_hal_gpio.c...
compiling stm32f1xx_hal_rcc_ex.c...
compiling stm32f1xx_hal_gpio_ex.c...
compiling stm32f1xx_hal_exti.c...
compiling sys.c...
compiling stm32f1xx_hal_sram.c...
compiling stm32f1xx_hal_rcc.c...
compiling stm32f1xx_hal_flash_ex.c...
compiling stm32f1xx_hal_flash.c...
compiling stm32f1xx_hal_tim_ex.c...
compiling stm32f1xx_hal_tim.c...
linking...
Program Size: Code=13628 RO-data=292 RW-data=120 ZI-data=1808  
FromELF: creating hex file...
"..\OBJ\Opt.axf" - 0 Error(s), 0 Warning(s).
Build Time Elapsed:  00:00:05
