*** Using Compiler 'V5.06 update 7 (build 960)', folder: 'D:\ebedded_system\Keil5\Core\ARM\ARMCC\Bin'
Rebuild target 'Power'
compiling stm32f1xx_it.c...
compiling main.c...
compiling stm32f1xx_hal_msp.c...
compiling system_stm32f1xx.c...
compiling Opt_Check.c...
compiling CAN1.c...
compiling IWDG.c...
assembling startup_stm32f103xb.s...
compiling stm32f1xx_hal_cec.c...
compiling GPIO.c...
compiling stm32f1xx_hal.c...
compiling USART2.c...
compiling TIM2.c...
compiling Send_CAN.c...
compiling stm32f1xx_hal_can.c...
compiling stm32f1xx_hal_cortex.c...
compiling stm32f1xx_hal_flash.c...
compiling stm32f1xx_hal_flash_ex.c...
compiling stm32f1xx_hal_exti.c...
compiling stm32f1xx_hal_gpio_ex.c...
compiling stm32f1xx_hal_gpio.c...
compiling stm32f1xx_hal_dma.c...
compiling stm32f1xx_hal_sram.c...
compiling stm32f1xx_hal_iwdg.c...
compiling stm32f1xx_hal_pwr.c...
compiling stm32f1xx_hal_rcc_ex.c...
compiling stm32f1xx_hal_rcc.c...
compiling stm32f1xx_hal_tim_ex.c...
compiling stm32f1xx_hal_tim.c...
compiling delay.c...
compiling sys.c...
compiling usart.c...
compiling stm32f1xx_hal_usart.c...
linking...
..\OBJ\Opt.axf: Error: L6218E: Undefined symbol HAL_UART_GetState (referred from usart.o).
..\OBJ\Opt.axf: Error: L6218E: Undefined symbol HAL_UART_IRQHandler (referred from usart.o).
..\OBJ\Opt.axf: Error: L6218E: Undefined symbol HAL_UART_Init (referred from usart.o).
..\OBJ\Opt.axf: Error: L6218E: Undefined symbol HAL_UART_Receive_IT (referred from usart.o).
Not enough information to list image symbols.
Not enough information to list load addresses in the image map.
Finished: 2 information, 0 warning and 4 error messages.
"..\OBJ\Opt.axf" - 4 Error(s), 0 Warning(s).
Target not created.
Build Time Elapsed:  00:00:32
